<?xml version="1.0" encoding="UTF-8"?>
<!-- Generated by org.testng.reporters.JUnitReportReporter -->
<testsuite skipped="0" hostname="VAIO" name="com.test.TestNGBasics2" tests="1" failures="0" timestamp="03 May 2019 14:51:34 GMT" time="0.006" errors="0">
  <testcase name="test" time="0.006" classname="com.test.TestNGBasics2"/>
</testsuite> <!-- com.test.TestNGBasics2 -->
