<?xml version="1.0" encoding="UTF-8"?>
<!-- Generated by org.testng.reporters.JUnitReportReporter -->
<testsuite skipped="0" hostname="VAIO" name="com.test.TestNGBasics" tests="1" failures="0" timestamp="03 May 2019 15:09:50 GMT" time="0.007" errors="0">
  <testcase name="test" time="0.007" classname="com.test.TestNGBasics"/>
</testsuite> <!-- com.test.TestNGBasics -->
